<?xml version="1.0" encoding="utf-8"?><testsuite errors="3" failures="0" name="pytest" skips="0" tests="3" time="13.050"><testcase classname="run_component_tests" file="run_component_tests.py" line="55" name="test_config_load" time="12.593132019"><error message="test setup failure">@pytest.fixture(scope=&quot;module&quot;)
    def initialize():
         inputData = yaml.load(open(&quot;/setup/server.yaml&quot;))
         esxi_host = inputData[&apos;esxi_ip&apos;]
         esxi_login_id = inputData[&apos;esxi_login_id&apos;]
         esxi_password_encrypted=inputData[&apos;esxi_password_encoded&apos;]

         vm_user = inputData[&apos;vm_login_id&apos;]
         vm_password_encrypted=inputData[&apos;vm_password_encoded&apos;]
         vm_pass = base64.b64decode(vm_password_encrypted).rstrip(&apos;\n&apos;)
         vm=inputData[&apos;vm_name&apos;]
         vmip=inputData[&apos;vm_ip&apos;]
         snapname = inputData[&apos;snapshotname&apos;]
         vsphere=Vsphere2(esxi_host, esxi_login_id, esxi_password_encrypted)
         global cmd_prefix
         cmd_prefix = &quot;sshpass -p &quot; + vm_pass +  &quot; ssh -o StrictHostKeyChecking=no -o UserKnownHostsFile=/dev/null &quot; + vm_user + &quot;@&quot; + vmip + &quot; &quot;
         print(&quot;Reverting VM to snapshot &quot; +snapname)
         vsphere.revert_snapshot(vm, snapname, True)
         print(&quot;Uploading  plat_pilots.tgz to VM&quot;)
         cmd = &apos;sshpass -p &apos; + vm_pass  + &apos; scp  -o StrictHostKeyChecking=no -o UserKnownHostsFile=/dev/null /setup/plat_pilots.tgz &apos; + vm_user + &apos;@&apos; + vmip + &apos;:/tmp&apos;

         if ( 0 != os.system(cmd)):
&gt;            raise EnvironmentError(&quot;Failed to upload plat_pilots.tgz &quot; )
E            EnvironmentError: Failed to upload plat_pilots.tgz

/tests/bin/run_component_tests.py:33: EnvironmentError</error><system-out>connected to 10.10.48.45
Reverting VM to snapshot snap02
(&apos;Reverting snapshot &apos;, &apos;snap02&apos;)
Uploading  plat_pilots.tgz to VM
</system-out><system-err>ssh: connect to host 10.10.48.143 port 22: No route to host
lost connection
</system-err></testcase><testcase classname="run_component_tests" file="run_component_tests.py" line="64" name="test_image_load" time="0.000296831130981"><error message="test setup failure">@pytest.fixture(scope=&quot;module&quot;)
    def initialize():
         inputData = yaml.load(open(&quot;/setup/server.yaml&quot;))
         esxi_host = inputData[&apos;esxi_ip&apos;]
         esxi_login_id = inputData[&apos;esxi_login_id&apos;]
         esxi_password_encrypted=inputData[&apos;esxi_password_encoded&apos;]

         vm_user = inputData[&apos;vm_login_id&apos;]
         vm_password_encrypted=inputData[&apos;vm_password_encoded&apos;]
         vm_pass = base64.b64decode(vm_password_encrypted).rstrip(&apos;\n&apos;)
         vm=inputData[&apos;vm_name&apos;]
         vmip=inputData[&apos;vm_ip&apos;]
         snapname = inputData[&apos;snapshotname&apos;]
         vsphere=Vsphere2(esxi_host, esxi_login_id, esxi_password_encrypted)
         global cmd_prefix
         cmd_prefix = &quot;sshpass -p &quot; + vm_pass +  &quot; ssh -o StrictHostKeyChecking=no -o UserKnownHostsFile=/dev/null &quot; + vm_user + &quot;@&quot; + vmip + &quot; &quot;
         print(&quot;Reverting VM to snapshot &quot; +snapname)
         vsphere.revert_snapshot(vm, snapname, True)
         print(&quot;Uploading  plat_pilots.tgz to VM&quot;)

